{
  "uid" : "c1cdc0f28b47ff62",
  "name" : "Allure Test2",
  "fullName" : "Test to show error manager with report.Allure Test2",
  "historyId" : "4a45c28d531a172812fd1713c5eb3197",
  "time" : {
    "start" : 1573818732086,
    "stop" : 1573818734142,
    "duration" : 2056
  },
  "description" : "",
  "descriptionHtml" : "",
  "status" : "failed",
  "statusMessage" : "\n                Error 1: 0both are not equal\n                ",
  "statusTrace" : "AssertionError: \n                Error 1: 0both are not equal\n                \n                    at finalCheck (test\\diSearchAndBrowse\\TI-35416.ts:17:16)\n                    at Context.<anonymous> (test\\diSearchAndBrowse\\TI-35416.ts:90:9)\n                    at Generator.next (<anonymous>)\n                    at fulfilled (dist\\test\\diSearchAndBrowse\\TI-35416.js:5:58)",
  "flaky" : false,
  "newFailed" : false,
  "beforeStages" : [ ],
  "testStage" : {
    "status" : "failed",
    "statusMessage" : "\n                Error 1: 0both are not equal\n                ",
    "statusTrace" : "AssertionError: \n                Error 1: 0both are not equal\n                \n                    at finalCheck (test\\diSearchAndBrowse\\TI-35416.ts:17:16)\n                    at Context.<anonymous> (test\\diSearchAndBrowse\\TI-35416.ts:90:9)\n                    at Generator.next (<anonymous>)\n                    at fulfilled (dist\\test\\diSearchAndBrowse\\TI-35416.js:5:58)",
    "steps" : [ {
      "name" : "Click is successful on Search Menu",
      "time" : {
        "start" : 1573818732270,
        "stop" : 1573818732270,
        "duration" : 0
      },
      "status" : "passed",
      "steps" : [ ],
      "attachments" : [ ],
      "parameters" : [ ],
      "attachmentsCount" : 0,
      "shouldDisplayMessage" : false,
      "stepsCount" : 0,
      "hasContent" : false
    }, {
      "name" : "Click is successful on clickOnSubMenuPatent search",
      "time" : {
        "start" : 1573818732776,
        "stop" : 1573818732776,
        "duration" : 0
      },
      "status" : "passed",
      "steps" : [ ],
      "attachments" : [ ],
      "parameters" : [ ],
      "attachmentsCount" : 0,
      "shouldDisplayMessage" : false,
      "stepsCount" : 0,
      "hasContent" : false
    }, {
      "name" : "Click is successful on User Menu",
      "time" : {
        "start" : 1573818734243,
        "stop" : 1573818734243,
        "duration" : 0
      },
      "status" : "passed",
      "steps" : [ ],
      "attachments" : [ ],
      "parameters" : [ ],
      "attachmentsCount" : 0,
      "shouldDisplayMessage" : false,
      "stepsCount" : 0,
      "hasContent" : false
    }, {
      "name" : "Click is successful on Logout ",
      "time" : {
        "start" : 1573818735701,
        "stop" : 1573818735701,
        "duration" : 0
      },
      "status" : "passed",
      "steps" : [ ],
      "attachments" : [ ],
      "parameters" : [ ],
      "attachmentsCount" : 0,
      "shouldDisplayMessage" : false,
      "stepsCount" : 0,
      "hasContent" : false
    } ],
    "attachments" : [ ],
    "parameters" : [ ],
    "attachmentsCount" : 0,
    "shouldDisplayMessage" : true,
    "stepsCount" : 4,
    "hasContent" : true
  },
  "afterStages" : [ ],
  "labels" : [ {
    "name" : "suite",
    "value" : "Test to show error manager with report"
  }, {
    "name" : "testClass",
    "value" : "Test to show error manager with report"
  }, {
    "name" : "testMethod",
    "value" : "Allure Test2"
  }, {
    "name" : "package",
    "value" : "Test to show error manager with report"
  }, {
    "name" : "resultFormat",
    "value" : "allure1"
  } ],
  "parameters" : [ ],
  "links" : [ ],
  "hidden" : false,
  "retry" : false,
  "extra" : {
    "severity" : "normal",
    "retries" : [ ],
    "categories" : [ {
      "name" : "Product defects",
      "matchedStatuses" : [ ],
      "flaky" : false
    } ],
    "tags" : [ ]
  },
  "source" : "c1cdc0f28b47ff62.json",
  "parameterValues" : [ ]
}